Output folder: C:\pppi\Нова папка\Termite
Extract: Termite.exe
Created uninstaller: C:\pppi\Нова папка\Termite\uninstall.exe
Create folder: C:\Users\ivang\AppData\Roaming\Microsoft\Windows\Start Menu\Programs\Termite
Create shortcut: C:\Users\ivang\AppData\Roaming\Microsoft\Windows\Start Menu\Programs\Termite\Termite.lnk
Create shortcut: C:\Users\ivang\AppData\Roaming\Microsoft\Windows\Start Menu\Programs\Termite\Uninstall.lnk
Output folder: C:\pppi\Нова папка\Termite
Extract: termite.cat
Output folder: C:\pppi\Нова папка\Termite
Extract: Hex_View.flt
Output folder: C:\pppi\Нова папка\Termite
Extract: Highlight.flt
Output folder: C:\pppi\Нова папка\Termite
Extract: Log_File.flt
Output folder: C:\pppi\Нова папка\Termite
Extract: Status_LEDs.flt
Output folder: C:\pppi\Нова папка\Termite
Extract: Timestamp.flt
Output folder: C:\pppi\Нова папка\Termite
Extract: Function_Keys.flt
Output folder: C:\pppi\Нова папка\Termite
Extract: Auto_Reply.flt
Output folder: C:\pppi\Нова папка\Termite
Extract: writing_termite_filters.pdf
Create folder: C:\Users\ivang\AppData\Roaming\Microsoft\Windows\Start Menu\Programs\Termite
Create shortcut: C:\Users\ivang\AppData\Roaming\Microsoft\Windows\Start Menu\Programs\Termite\Writing plug-in filters for Termite.lnk
Completed
